layer_s:(null)
layer:-1
load_network
cfg/mobilenet.cfg
readdd cfg end

 major:0,sizeof(int):4
minor:1
revision:0
seen:0
class:65
net.n:67
Conv layer, total parm: 401408, saved param: 175616
In summary, total load = 401408, saved = 175616
Conv layer, total parm: 401408, saved param: 100352
In summary, total load = 802816, saved = 275968
Conv layer, total parm: 401408, saved param: 87808
In summary, total load = 1204224, saved = 363776
Conv layer, total parm: 200704, saved param: 0
In summary, total load = 1404928, saved = 363776
Conv layer, total parm: 1204224, saved param: 163072
In summary, total load = 2609152, saved = 526848
Conv layer, total parm: 301056, saved param: 47040
In summary, total load = 2910208, saved = 573888
Conv layer, total parm: 75264, saved param: 0
In summary, total load = 2985472, saved = 573888
Conv layer, total parm: 451584, saved param: 62720
In summary, total load = 3437056, saved = 636608
Conv layer, total parm: 451584, saved param: 59584
In summary, total load = 3888640, saved = 696192
Conv layer, total parm: 75264, saved param: 0
In summary, total load = 3963904, saved = 696192
Shrt layer, total parm: 75264, saved param: 1
In summary, total load = 4039168, saved = 696193
Conv layer, total parm: 451584, saved param: 37632
In summary, total load = 4490752, saved = 733825
Conv layer, total parm: 112896, saved param: 10192
In summary, total load = 4603648, saved = 744017
Conv layer, total parm: 25088, saved param: 0
In summary, total load = 4628736, saved = 744017
Conv layer, total parm: 150528, saved param: 48608
In summary, total load = 4779264, saved = 792625
Conv layer, total parm: 150528, saved param: 47824
In summary, total load = 4929792, saved = 840449
Conv layer, total parm: 25088, saved param: 0
In summary, total load = 4954880, saved = 840449
Shrt layer, total parm: 25088, saved param: 1
In summary, total load = 4979968, saved = 840450
Conv layer, total parm: 150528, saved param: 50960
In summary, total load = 5130496, saved = 891410
Conv layer, total parm: 150528, saved param: 49392
In summary, total load = 5281024, saved = 940802
Conv layer, total parm: 25088, saved param: 0
In summary, total load = 5306112, saved = 940802
Shrt layer, total parm: 25088, saved param: 1
In summary, total load = 5331200, saved = 940803
Conv layer, total parm: 150528, saved param: 10192
In summary, total load = 5481728, saved = 950995
Conv layer, total parm: 150528, saved param: 10192
In summary, total load = 5632256, saved = 961187
Conv layer, total parm: 50176, saved param: 0
In summary, total load = 5682432, saved = 961187
Conv layer, total parm: 301056, saved param: 61152
In summary, total load = 5983488, saved = 1022339
Conv layer, total parm: 301056, saved param: 69776
In summary, total load = 6284544, saved = 1092115
Conv layer, total parm: 50176, saved param: 0
In summary, total load = 6334720, saved = 1092115
Shrt layer, total parm: 50176, saved param: 1
In summary, total load = 6384896, saved = 1092116
Conv layer, total parm: 301056, saved param: 58800
In summary, total load = 6685952, saved = 1150916
Conv layer, total parm: 301056, saved param: 62720
In summary, total load = 6987008, saved = 1213636
Conv layer, total parm: 50176, saved param: 0
In summary, total load = 7037184, saved = 1213636
Shrt layer, total parm: 50176, saved param: 1
In summary, total load = 7087360, saved = 1213637
Conv layer, total parm: 301056, saved param: 74480
In summary, total load = 7388416, saved = 1288117
Conv layer, total parm: 301056, saved param: 78400
In summary, total load = 7689472, saved = 1366517
Conv layer, total parm: 50176, saved param: 0
In summary, total load = 7739648, saved = 1366517
Shrt layer, total parm: 50176, saved param: 1
In summary, total load = 7789824, saved = 1366518
Conv layer, total parm: 301056, saved param: 35280
In summary, total load = 8090880, saved = 1401798
Conv layer, total parm: 75264, saved param: 9604
In summary, total load = 8166144, saved = 1411402
Conv layer, total parm: 18816, saved param: 0
In summary, total load = 8184960, saved = 1411402
Conv layer, total parm: 112896, saved param: 31164
In summary, total load = 8297856, saved = 1442566
Conv layer, total parm: 112896, saved param: 42336
In summary, total load = 8410752, saved = 1484902
Conv layer, total parm: 18816, saved param: 0
In summary, total load = 8429568, saved = 1484902
Shrt layer, total parm: 18816, saved param: 0
In summary, total load = 8448384, saved = 1484902
Conv layer, total parm: 112896, saved param: 38416
In summary, total load = 8561280, saved = 1523318
Conv layer, total parm: 112896, saved param: 41356
In summary, total load = 8674176, saved = 1564674
Conv layer, total parm: 18816, saved param: 196
In summary, total load = 8692992, saved = 1564870
Shrt layer, total parm: 18816, saved param: 0
In summary, total load = 8711808, saved = 1564870
Conv layer, total parm: 112896, saved param: 32928
In summary, total load = 8824704, saved = 1597798
Conv layer, total parm: 28224, saved param: 7448
In summary, total load = 8852928, saved = 1605246
Conv layer, total parm: 7840, saved param: 0
In summary, total load = 8860768, saved = 1605246
Conv layer, total parm: 47040, saved param: 27881
In summary, total load = 8907808, saved = 1633127
Conv layer, total parm: 47040, saved param: 32095
In summary, total load = 8954848, saved = 1665222
Conv layer, total parm: 7840, saved param: 294
In summary, total load = 8962688, saved = 1665516
Shrt layer, total parm: 7840, saved param: 0
In summary, total load = 8970528, saved = 1665516
Conv layer, total parm: 47040, saved param: 33320
In summary, total load = 9017568, saved = 1698836
Conv layer, total parm: 47040, saved param: 34006
In summary, total load = 9064608, saved = 1732842
Conv layer, total parm: 7840, saved param: 147
In summary, total load = 9072448, saved = 1732989
Shrt layer, total parm: 7840, saved param: 0
In summary, total load = 9080288, saved = 1732989
Conv layer, total parm: 47040, saved param: 39249
In summary, total load = 9127328, saved = 1772238
Conv layer, total parm: 47040, saved param: 28028
In summary, total load = 9174368, saved = 1800266
Conv layer, total parm: 15680, saved param: 5292
In summary, total load = 9190048, saved = 1805558
Conv layer, total parm: 62720, saved param: 42875
In summary, total load = 9252768, saved = 1848433
Apoo layer, total parm: 1280, saved param: 1
In summary, total load = 9254048, saved = 1848434
Conv layer, total parm: 1000, saved param: 200
In summary, total load = 9255048, saved = 1848634
1.859375 seconds 
avg_acc:0.000000,avg_topk:1.000000
/mnt/e/Win_Unbuntu_Pub/ilsvrc2012-win/labelled/ILSVRC2012_val_00000001.n01751748.JPEG,class: 65, indexes[0]: 806, 978, 65, 
filed open:0


class:970
net.n:67
Conv layer, total parm: 401408, saved param: 100352
In summary, total load = 9656456, saved = 1948986
Conv layer, total parm: 401408, saved param: 75264
In summary, total load = 10057864, saved = 2024250
Conv layer, total parm: 401408, saved param: 75264
In summary, total load = 10459272, saved = 2099514
Conv layer, total parm: 200704, saved param: 0
In summary, total load = 10659976, saved = 2099514
Conv layer, total parm: 1204224, saved param: 150528
In summary, total load = 11864200, saved = 2250042
Conv layer, total parm: 301056, saved param: 37632
In summary, total load = 12165256, saved = 2287674
Conv layer, total parm: 75264, saved param: 0
In summary, total load = 12240520, saved = 2287674
Conv layer, total parm: 451584, saved param: 56448
In summary, total load = 12692104, saved = 2344122
Conv layer, total parm: 451584, saved param: 50176
In summary, total load = 13143688, saved = 2394298
Conv layer, total parm: 75264, saved param: 0
In summary, total load = 13218952, saved = 2394298
Shrt layer, total parm: 75264, saved param: 1
In summary, total load = 13294216, saved = 2394299
Conv layer, total parm: 451584, saved param: 34496
In summary, total load = 13745800, saved = 2428795
Conv layer, total parm: 112896, saved param: 8624
In summary, total load = 13858696, saved = 2437419
Conv layer, total parm: 25088, saved param: 0
In summary, total load = 13883784, saved = 2437419
Conv layer, total parm: 150528, saved param: 29008
In summary, total load = 14034312, saved = 2466427
Conv layer, total parm: 150528, saved param: 27440
In summary, total load = 14184840, saved = 2493867
Conv layer, total parm: 25088, saved param: 0
In summary, total load = 14209928, saved = 2493867
Shrt layer, total parm: 25088, saved param: 0
In summary, total load = 14235016, saved = 2493867
Conv layer, total parm: 150528, saved param: 31360
In summary, total load = 14385544, saved = 2525227
Conv layer, total parm: 150528, saved param: 31360
In summary, total load = 14536072, saved = 2556587
Conv layer, total parm: 25088, saved param: 0
In summary, total load = 14561160, saved = 2556587
Shrt layer, total parm: 25088, saved param: 0
In summary, total load = 14586248, saved = 2556587
Conv layer, total parm: 150528, saved param: 8624
In summary, total load = 14736776, saved = 2565211
Conv layer, total parm: 150528, saved param: 8624
In summary, total load = 14887304, saved = 2573835
Conv layer, total parm: 50176, saved param: 0
In summary, total load = 14937480, saved = 2573835
Conv layer, total parm: 301056, saved param: 36064
In summary, total load = 15238536, saved = 2609899
Conv layer, total parm: 301056, saved param: 48608
In summary, total load = 15539592, saved = 2658507
Conv layer, total parm: 50176, saved param: 0
In summary, total load = 15589768, saved = 2658507
Shrt layer, total parm: 50176, saved param: 1
In summary, total load = 15639944, saved = 2658508
Conv layer, total parm: 301056, saved param: 38416
In summary, total load = 15941000, saved = 2696924
Conv layer, total parm: 301056, saved param: 43904
In summary, total load = 16242056, saved = 2740828
Conv layer, total parm: 50176, saved param: 0
In summary, total load = 16292232, saved = 2740828
Shrt layer, total parm: 50176, saved param: 0
In summary, total load = 16342408, saved = 2740828
Conv layer, total parm: 301056, saved param: 53312
In summary, total load = 16643464, saved = 2794140
Conv layer, total parm: 301056, saved param: 57232
In summary, total load = 16944520, saved = 2851372
Conv layer, total parm: 50176, saved param: 0
In summary, total load = 16994696, saved = 2851372
Shrt layer, total parm: 50176, saved param: 1
In summary, total load = 17044872, saved = 2851373
Conv layer, total parm: 301056, saved param: 25088
In summary, total load = 17345928, saved = 2876461
Conv layer, total parm: 75264, saved param: 6468
In summary, total load = 17421192, saved = 2882929
Conv layer, total parm: 18816, saved param: 0
In summary, total load = 17440008, saved = 2882929
Conv layer, total parm: 112896, saved param: 17444
In summary, total load = 17552904, saved = 2900373
Conv layer, total parm: 112896, saved param: 30380
In summary, total load = 17665800, saved = 2930753
Conv layer, total parm: 18816, saved param: 0
In summary, total load = 17684616, saved = 2930753
Shrt layer, total parm: 18816, saved param: 0
In summary, total load = 17703432, saved = 2930753
Conv layer, total parm: 112896, saved param: 25872
In summary, total load = 17816328, saved = 2956625
Conv layer, total parm: 112896, saved param: 30772
In summary, total load = 17929224, saved = 2987397
Conv layer, total parm: 18816, saved param: 0
In summary, total load = 17948040, saved = 2987397
Shrt layer, total parm: 18816, saved param: 0
In summary, total load = 17966856, saved = 2987397
Conv layer, total parm: 112896, saved param: 19796
In summary, total load = 18079752, saved = 3007193
Conv layer, total parm: 28224, saved param: 5292
In summary, total load = 18107976, saved = 3012485
Conv layer, total parm: 7840, saved param: 0
In summary, total load = 18115816, saved = 3012485
Conv layer, total parm: 47040, saved param: 19796
In summary, total load = 18162856, saved = 3032281
Conv layer, total parm: 47040, saved param: 28420
In summary, total load = 18209896, saved = 3060701
Conv layer, total parm: 7840, saved param: 0
In summary, total load = 18217736, saved = 3060701
Shrt layer, total parm: 7840, saved param: 0
In summary, total load = 18225576, saved = 3060701
Conv layer, total parm: 47040, saved param: 26215
In summary, total load = 18272616, saved = 3086916
Conv layer, total parm: 47040, saved param: 29841
In summary, total load = 18319656, saved = 3116757
Conv layer, total parm: 7840, saved param: 98
In summary, total load = 18327496, saved = 3116855
Shrt layer, total parm: 7840, saved param: 0
In summary, total load = 18335336, saved = 3116855
Conv layer, total parm: 47040, saved param: 29939
In summary, total load = 18382376, saved = 3146794
Conv layer, total parm: 47040, saved param: 22981
In summary, total load = 18429416, saved = 3169775
Conv layer, total parm: 15680, saved param: 294
In summary, total load = 18445096, saved = 3170069
Conv layer, total parm: 62720, saved param: 22393
In summary, total load = 18507816, saved = 3192462
Apoo layer, total parm: 1280, saved param: 1
In summary, total load = 18509096, saved = 3192463
Conv layer, total parm: 1000, saved param: 114
In summary, total load = 18510096, saved = 3192577
1.734375 seconds 
avg_acc:0.000000,avg_topk:2.000000
/mnt/e/Win_Unbuntu_Pub/ilsvrc2012-win/labelled/ILSVRC2012_val_00000002.n09193705.JPEG,class: 970, indexes[0]: 795, 792, 970, 
filed open:0


class:230
net.n:67
Conv layer, total parm: 401408, saved param: 87808
In summary, total load = 18911504, saved = 3280385
Conv layer, total parm: 401408, saved param: 75264
In summary, total load = 19312912, saved = 3355649
Conv layer, total parm: 401408, saved param: 75264
In summary, total load = 19714320, saved = 3430913
Conv layer, total parm: 200704, saved param: 0
In summary, total load = 19915024, saved = 3430913
Conv layer, total parm: 1204224, saved param: 150528
In summary, total load = 21119248, saved = 3581441
Conv layer, total parm: 301056, saved param: 37632
In summary, total load = 21420304, saved = 3619073
Conv layer, total parm: 75264, saved param: 0
In summary, total load = 21495568, saved = 3619073
Conv layer, total parm: 451584, saved param: 50176
In summary, total load = 21947152, saved = 3669249
Conv layer, total parm: 451584, saved param: 50176
In summary, total load = 22398736, saved = 3719425
Conv layer, total parm: 75264, saved param: 0
In summary, total load = 22474000, saved = 3719425
Shrt layer, total parm: 75264, saved param: 1
In summary, total load = 22549264, saved = 3719426
Conv layer, total parm: 451584, saved param: 37632
In summary, total load = 23000848, saved = 3757058
Conv layer, total parm: 112896, saved param: 9408
In summary, total load = 23113744, saved = 3766466
Conv layer, total parm: 25088, saved param: 0
In summary, total load = 23138832, saved = 3766466
Conv layer, total parm: 150528, saved param: 30576
In summary, total load = 23289360, saved = 3797042
Conv layer, total parm: 150528, saved param: 29008
In summary, total load = 23439888, saved = 3826050
Conv layer, total parm: 25088, saved param: 0
In summary, total load = 23464976, saved = 3826050
Shrt layer, total parm: 25088, saved param: 0
In summary, total load = 23490064, saved = 3826050
Conv layer, total parm: 150528, saved param: 28224
In summary, total load = 23640592, saved = 3854274
Conv layer, total parm: 150528, saved param: 30576
In summary, total load = 23791120, saved = 3884850
Conv layer, total parm: 25088, saved param: 0
In summary, total load = 23816208, saved = 3884850
Shrt layer, total parm: 25088, saved param: 0
In summary, total load = 23841296, saved = 3884850
Conv layer, total parm: 150528, saved param: 7840
In summary, total load = 23991824, saved = 3892690
Conv layer, total parm: 150528, saved param: 7840
In summary, total load = 24142352, saved = 3900530
Conv layer, total parm: 50176, saved param: 0
In summary, total load = 24192528, saved = 3900530
Conv layer, total parm: 301056, saved param: 38416
In summary, total load = 24493584, saved = 3938946
Conv layer, total parm: 301056, saved param: 47824
In summary, total load = 24794640, saved = 3986770
Conv layer, total parm: 50176, saved param: 0
In summary, total load = 24844816, saved = 3986770
Shrt layer, total parm: 50176, saved param: 0
In summary, total load = 24894992, saved = 3986770
Conv layer, total parm: 301056, saved param: 35280
In summary, total load = 25196048, saved = 4022050
Conv layer, total parm: 301056, saved param: 40768
In summary, total load = 25497104, saved = 4062818
Conv layer, total parm: 50176, saved param: 0
In summary, total load = 25547280, saved = 4062818
Shrt layer, total parm: 50176, saved param: 0
In summary, total load = 25597456, saved = 4062818
Conv layer, total parm: 301056, saved param: 47824
In summary, total load = 25898512, saved = 4110642
Conv layer, total parm: 301056, saved param: 51744
In summary, total load = 26199568, saved = 4162386
Conv layer, total parm: 50176, saved param: 0
In summary, total load = 26249744, saved = 4162386
Shrt layer, total parm: 50176, saved param: 1
In summary, total load = 26299920, saved = 4162387
Conv layer, total parm: 301056, saved param: 25088
In summary, total load = 26600976, saved = 4187475
Conv layer, total parm: 75264, saved param: 6468
In summary, total load = 26676240, saved = 4193943
Conv layer, total parm: 18816, saved param: 0
In summary, total load = 26695056, saved = 4193943
Conv layer, total parm: 112896, saved param: 12740
In summary, total load = 26807952, saved = 4206683
Conv layer, total parm: 112896, saved param: 25284
In summary, total load = 26920848, saved = 4231967
Conv layer, total parm: 18816, saved param: 0
In summary, total load = 26939664, saved = 4231967
Shrt layer, total parm: 18816, saved param: 0
In summary, total load = 26958480, saved = 4231967
Conv layer, total parm: 112896, saved param: 17248
In summary, total load = 27071376, saved = 4249215
Conv layer, total parm: 112896, saved param: 22148
In summary, total load = 27184272, saved = 4271363
Conv layer, total parm: 18816, saved param: 0
In summary, total load = 27203088, saved = 4271363
Shrt layer, total parm: 18816, saved param: 1
In summary, total load = 27221904, saved = 4271364
Conv layer, total parm: 112896, saved param: 15680
In summary, total load = 27334800, saved = 4287044
Conv layer, total parm: 28224, saved param: 3969
In summary, total load = 27363024, saved = 4291013
Conv layer, total parm: 7840, saved param: 0
In summary, total load = 27370864, saved = 4291013
Conv layer, total parm: 47040, saved param: 13916
In summary, total load = 27417904, saved = 4304929
Conv layer, total parm: 47040, saved param: 21707
In summary, total load = 27464944, saved = 4326636
Conv layer, total parm: 7840, saved param: 0
In summary, total load = 27472784, saved = 4326636
Shrt layer, total parm: 7840, saved param: 0
In summary, total load = 27480624, saved = 4326636
Conv layer, total parm: 47040, saved param: 20335
In summary, total load = 27527664, saved = 4346971
Conv layer, total parm: 47040, saved param: 25186
In summary, total load = 27574704, saved = 4372157
Conv layer, total parm: 7840, saved param: 0
In summary, total load = 27582544, saved = 4372157
Shrt layer, total parm: 7840, saved param: 0
In summary, total load = 27590384, saved = 4372157
Conv layer, total parm: 47040, saved param: 24108
In summary, total load = 27637424, saved = 4396265
Conv layer, total parm: 47040, saved param: 19453
In summary, total load = 27684464, saved = 4415718
Conv layer, total parm: 15680, saved param: 49
In summary, total load = 27700144, saved = 4415767
Conv layer, total parm: 62720, saved param: 11858
In summary, total load = 27762864, saved = 4427625
Apoo layer, total parm: 1280, saved param: 1
In summary, total load = 27764144, saved = 4427626
Conv layer, total parm: 1000, saved param: 72
In summary, total load = 27765144, saved = 4427698
1.734375 seconds 
avg_acc:0.000000,avg_topk:3.000000
/mnt/e/Win_Unbuntu_Pub/ilsvrc2012-win/labelled/ILSVRC2012_val_00000003.n02105855.JPEG,class: 230, indexes[0]: 231, 230, 157, 
filed open:0


class:809
net.n:67
Conv layer, total parm: 401408, saved param: 137984
In summary, total load = 28166552, saved = 4565682
Conv layer, total parm: 401408, saved param: 75264
In summary, total load = 28567960, saved = 4640946
Conv layer, total parm: 401408, saved param: 75264
In summary, total load = 28969368, saved = 4716210
Conv layer, total parm: 200704, saved param: 0
In summary, total load = 29170072, saved = 4716210
Conv layer, total parm: 1204224, saved param: 163072
In summary, total load = 30374296, saved = 4879282
Conv layer, total parm: 301056, saved param: 40768
In summary, total load = 30675352, saved = 4920050
Conv layer, total parm: 75264, saved param: 0
In summary, total load = 30750616, saved = 4920050
Conv layer, total parm: 451584, saved param: 53312
In summary, total load = 31202200, saved = 4973362
Conv layer, total parm: 451584, saved param: 50176
In summary, total load = 31653784, saved = 5023538
Conv layer, total parm: 75264, saved param: 0
In summary, total load = 31729048, saved = 5023538
Shrt layer, total parm: 75264, saved param: 0
In summary, total load = 31804312, saved = 5023538
Conv layer, total parm: 451584, saved param: 37632
In summary, total load = 32255896, saved = 5061170
Conv layer, total parm: 112896, saved param: 10192
In summary, total load = 32368792, saved = 5071362
Conv layer, total parm: 25088, saved param: 0
In summary, total load = 32393880, saved = 5071362
Conv layer, total parm: 150528, saved param: 29792
In summary, total load = 32544408, saved = 5101154
Conv layer, total parm: 150528, saved param: 28224
In summary, total load = 32694936, saved = 5129378
Conv layer, total parm: 25088, saved param: 0
In summary, total load = 32720024, saved = 5129378
Shrt layer, total parm: 25088, saved param: 0
In summary, total load = 32745112, saved = 5129378
Conv layer, total parm: 150528, saved param: 23520
In summary, total load = 32895640, saved = 5152898
Conv layer, total parm: 150528, saved param: 24304
In summary, total load = 33046168, saved = 5177202
Conv layer, total parm: 25088, saved param: 0
In summary, total load = 33071256, saved = 5177202
Shrt layer, total parm: 25088, saved param: 0
In summary, total load = 33096344, saved = 5177202
Conv layer, total parm: 150528, saved param: 7056
In summary, total load = 33246872, saved = 5184258
Conv layer, total parm: 150528, saved param: 7056
In summary, total load = 33397400, saved = 5191314
Conv layer, total parm: 50176, saved param: 0
In summary, total load = 33447576, saved = 5191314
Conv layer, total parm: 301056, saved param: 33712
In summary, total load = 33748632, saved = 5225026
Conv layer, total parm: 301056, saved param: 43120
In summary, total load = 34049688, saved = 5268146
Conv layer, total parm: 50176, saved param: 0
In summary, total load = 34099864, saved = 5268146
Shrt layer, total parm: 50176, saved param: 0
In summary, total load = 34150040, saved = 5268146
Conv layer, total parm: 301056, saved param: 38416
In summary, total load = 34451096, saved = 5306562
Conv layer, total parm: 301056, saved param: 44688
In summary, total load = 34752152, saved = 5351250
Conv layer, total parm: 50176, saved param: 0
In summary, total load = 34802328, saved = 5351250
Shrt layer, total parm: 50176, saved param: 0
In summary, total load = 34852504, saved = 5351250
Conv layer, total parm: 301056, saved param: 50960
In summary, total load = 35153560, saved = 5402210
Conv layer, total parm: 301056, saved param: 54096
In summary, total load = 35454616, saved = 5456306
Conv layer, total parm: 50176, saved param: 0
In summary, total load = 35504792, saved = 5456306
Shrt layer, total parm: 50176, saved param: 0
In summary, total load = 35554968, saved = 5456306
Conv layer, total parm: 301056, saved param: 27440
In summary, total load = 35856024, saved = 5483746
Conv layer, total parm: 75264, saved param: 7056
In summary, total load = 35931288, saved = 5490802
Conv layer, total parm: 18816, saved param: 0
In summary, total load = 35950104, saved = 5490802
Conv layer, total parm: 112896, saved param: 14308
In summary, total load = 36063000, saved = 5505110
Conv layer, total parm: 112896, saved param: 27048
In summary, total load = 36175896, saved = 5532158
Conv layer, total parm: 18816, saved param: 0
In summary, total load = 36194712, saved = 5532158
Shrt layer, total parm: 18816, saved param: 0
In summary, total load = 36213528, saved = 5532158
Conv layer, total parm: 112896, saved param: 23520
In summary, total load = 36326424, saved = 5555678
Conv layer, total parm: 112896, saved param: 27244
In summary, total load = 36439320, saved = 5582922
Conv layer, total parm: 18816, saved param: 0
In summary, total load = 36458136, saved = 5582922
Shrt layer, total parm: 18816, saved param: 0
In summary, total load = 36476952, saved = 5582922
Conv layer, total parm: 112896, saved param: 20972
In summary, total load = 36589848, saved = 5603894
Conv layer, total parm: 28224, saved param: 5341
In summary, total load = 36618072, saved = 5609235
Conv layer, total parm: 7840, saved param: 0
In summary, total load = 36625912, saved = 5609235
Conv layer, total parm: 47040, saved param: 16856
In summary, total load = 36672952, saved = 5626091
Conv layer, total parm: 47040, saved param: 24500
In summary, total load = 36719992, saved = 5650591
Conv layer, total parm: 7840, saved param: 0
In summary, total load = 36727832, saved = 5650591
Shrt layer, total parm: 7840, saved param: 0
In summary, total load = 36735672, saved = 5650591
Conv layer, total parm: 47040, saved param: 24647
In summary, total load = 36782712, saved = 5675238
Conv layer, total parm: 47040, saved param: 28371
In summary, total load = 36829752, saved = 5703609
Conv layer, total parm: 7840, saved param: 49
In summary, total load = 36837592, saved = 5703658
Shrt layer, total parm: 7840, saved param: 0
In summary, total load = 36845432, saved = 5703658
Conv layer, total parm: 47040, saved param: 31850
In summary, total load = 36892472, saved = 5735508
Conv layer, total parm: 47040, saved param: 23520
In summary, total load = 36939512, saved = 5759028
Conv layer, total parm: 15680, saved param: 490
In summary, total load = 36955192, saved = 5759518
Conv layer, total parm: 62720, saved param: 24059
In summary, total load = 37017912, saved = 5783577
Apoo layer, total parm: 1280, saved param: 1
In summary, total load = 37019192, saved = 5783578
Conv layer, total parm: 1000, saved param: 112
In summary, total load = 37020192, saved = 5783690
1.703125 seconds 
avg_acc:0.000000,avg_topk:4.000000
/mnt/e/Win_Unbuntu_Pub/ilsvrc2012-win/labelled/ILSVRC2012_val_00000004.n04263257.JPEG,class: 809, indexes[0]: 925, 927, 809, 
filed open:0


class:516
net.n:67
Conv layer, total parm: 401408, saved param: 100352
In summary, total load = 37421600, saved = 5884042
Conv layer, total parm: 401408, saved param: 75264
In summary, total load = 37823008, saved = 5959306
Conv layer, total parm: 401408, saved param: 75264
In summary, total load = 38224416, saved = 6034570
Conv layer, total parm: 200704, saved param: 0
In summary, total load = 38425120, saved = 6034570
Conv layer, total parm: 1204224, saved param: 150528
In summary, total load = 39629344, saved = 6185098
Conv layer, total parm: 301056, saved param: 37632
In summary, total load = 39930400, saved = 6222730
Conv layer, total parm: 75264, saved param: 0
In summary, total load = 40005664, saved = 6222730
Conv layer, total parm: 451584, saved param: 50176
In summary, total load = 40457248, saved = 6272906
Conv layer, total parm: 451584, saved param: 47040
In summary, total load = 40908832, saved = 6319946
Conv layer, total parm: 75264, saved param: 0
In summary, total load = 40984096, saved = 6319946
Shrt layer, total parm: 75264, saved param: 0
In summary, total load = 41059360, saved = 6319946
Conv layer, total parm: 451584, saved param: 34496
In summary, total load = 41510944, saved = 6354442
Conv layer, total parm: 112896, saved param: 9408
In summary, total load = 41623840, saved = 6363850
Conv layer, total parm: 25088, saved param: 0
In summary, total load = 41648928, saved = 6363850
Conv layer, total parm: 150528, saved param: 25872
In summary, total load = 41799456, saved = 6389722
Conv layer, total parm: 150528, saved param: 24304
In summary, total load = 41949984, saved = 6414026
Conv layer, total parm: 25088, saved param: 0
In summary, total load = 41975072, saved = 6414026
Shrt layer, total parm: 25088, saved param: 0
In summary, total load = 42000160, saved = 6414026
Conv layer, total parm: 150528, saved param: 21168
In summary, total load = 42150688, saved = 6435194
Conv layer, total parm: 150528, saved para