layer_s:(null)
layer:-1
load_network
cfg/mobilenet.cfg
readdd cfg end

 major:0,sizeof(int):4
minor:1
revision:0
seen:0
224 224
net.n:67
6.42
6.42
6.42
3.21
19.27
4.82
1.20
7.23
7.23
1.20
7.23
1.81
0.40
2.41
2.41
0.40
2.41
2.41
0.40
2.41
2.41
0.80
4.82
4.82
0.80
4.82
4.82
0.80
4.82
4.82
0.80
4.82
1.20
0.30
1.81
1.81
0.30
1.81
1.81
0.30
1.81
0.45
0.13
0.75
0.75
0.13
0.75
0.75
0.13
0.75
0.75
0.25
1.00
0.02
predictions:0.000000
28.51%: malamute
21.94%: Eskimo dog
13.20%: basset
 5.03%: Siberian husky
 3.12%: muzzle
