layer_s:(null)
layer:-1
load_network
cfg/resnet50.cfg
readdd cfg end

 major:0,sizeof(int):4
minor:2
revision:0
seen:140736519510176,sizeof(size_t):8
256 256
net.n:70
16.78
4.19
4.19
16.78
4.19
4.19
16.78
4.19
4.19
16.78
8.39
2.10
8.39
2.10
2.10
8.39
2.10
2.10
8.39
2.10
2.10
8.39
4.19
1.05
4.19
1.05
1.05
4.19
1.05
1.05
4.19
1.05
1.05
4.19
1.05
1.05
4.19
1.05
1.05
4.19
2.10
0.52
2.10
0.52
0.52
2.10
0.52
0.52
2.10
1.02
predictions:0.000000
95.19%: malamute
 2.52%: Eskimo dog
 1.86%: Siberian husky
 0.31%: dogsled
 0.02%: German shepherd
