layer_s:(null)
layer:-1
load_network
cfg/squeezenet.cfg
readdd cfg end

 major:0,sizeof(int):4
minor:2
revision:0
seen:140736529377440,sizeof(size_t):8
SSSqueezeNet
227 227
net.n:50
0/1 reduced min = 200.00%, max = 0.00%
0/2 reduced min = 200.00%, max = 0.00%
0/3 reduced min = 200.00%, max = 0.00%
0/4 reduced min = 200.00%, max = 0.00%
0/5 reduced min = 200.00%, max = 0.00%
0/6 reduced min = 200.00%, max = 0.00%
0/7 reduced min = 200.00%, max = 0.00%
0/8 reduced min = 200.00%, max = 0.00%
0/9 reduced min = 200.00%, max = 0.00%
0/10 reduced min = 200.00%, max = 0.00%
0/11 reduced min = 200.00%, max = 0.00%
1/12 reduced min = 0.78%, max = 0.78%
1/13 reduced min = 0.78%, max = 0.78%
1/14 reduced min = 0.78%, max = 0.78%
1/15 reduced min = 0.78%, max = 0.78%
2/16 reduced min = 0.78%, max = 1.56%
2/17 reduced min = 0.78%, max = 1.56%
2/18 reduced min = 0.78%, max = 1.56%
3/19 reduced min = 0.78%, max = 1.56%
3/20 reduced min = 0.78%, max = 1.56%
3/21 reduced min = 0.78%, max = 1.56%
3/22 reduced min = 0.78%, max = 1.56%
3/23 reduced min = 0.78%, max = 1.56%
4/24 reduced min = 0.78%, max = 3.91%
5/25 reduced min = 0.78%, max = 8.59%
5/26 reduced min = 0.78%, max = 8.59%
predictions:0.000000
57.34%: dogsled
17.16%: miniature schnauzer
12.10%: malamute
 3.73%: Afghan hound
 2.21%: Eskimo dog
