layer_s:(null)
layer:-1
load_network
cfg/tiny.cfg
readdd cfg end

 major:0,sizeof(int):4
minor:1
revision:0
seen:204800000
224 224
net.n:23
0/1 reduced min = 200.00%, max = 0.00%
0/2 reduced min = 200.00%, max = 0.00%
0/3 reduced min = 200.00%, max = 0.00%
0/4 reduced min = 200.00%, max = 0.00%
0/5 reduced min = 200.00%, max = 0.00%
0/6 reduced min = 200.00%, max = 0.00%
0/7 reduced min = 200.00%, max = 0.00%
0/8 reduced min = 200.00%, max = 0.00%
0/9 reduced min = 200.00%, max = 0.00%
0/10 reduced min = 200.00%, max = 0.00%
0/11 reduced min = 200.00%, max = 0.00%
0/12 reduced min = 200.00%, max = 0.00%
0/13 reduced min = 200.00%, max = 0.00%
0/14 reduced min = 200.00%, max = 0.00%
0/15 reduced min = 200.00%, max = 0.00%
0/16 reduced min = 200.00%, max = 0.00%
predictions:0.000000
14.51%: malamute
 6.09%: Newfoundland
 5.59%: dogsled
 4.55%: standard schnauzer
 4.05%: Eskimo dog
