layer_s:(null)
layer:-1
load_network
cfg/mobilenet.cfg
readdd cfg end

 major:0,sizeof(int):4
minor:1
revision:0
seen:0
224 224
net.n:67
1/1 reduced min = 15.62%, max = 15.62%
2/2 reduced min = 15.62%, max = 15.62%
3/3 reduced min = 15.62%, max = 18.75%
3/4 reduced min = 15.62%, max = 18.75%
4/5 reduced min = 10.42%, max = 18.75%
5/6 reduced min = 10.42%, max = 18.75%
5/7 reduced min = 10.42%, max = 18.75%
6/8 reduced min = 9.03%, max = 18.75%
7/9 reduced min = 9.03%, max = 18.75%
7/10 reduced min = 9.03%, max = 18.75%
8/11 reduced min = 7.64%, max = 18.75%
9/12 reduced min = 7.64%, max = 18.75%
9/13 reduced min = 7.64%, max = 18.75%
10/14 reduced min = 7.64%, max = 18.75%
11/15 reduced min = 7.64%, max = 18.75%
11/16 reduced min = 7.64%, max = 18.75%
12/17 reduced min = 7.64%, max = 18.75%
13/18 reduced min = 7.64%, max = 18.75%
13/19 reduced min = 7.64%, max = 18.75%
14/20 reduced min = 4.69%, max = 18.75%
15/21 reduced min = 4.69%, max = 18.75%
15/22 reduced min = 4.69%, max = 18.75%
16/23 reduced min = 4.69%, max = 18.75%
17/24 reduced min = 4.69%, max = 18.75%
17/25 reduced min = 4.69%, max = 18.75%
18/26 reduced min = 4.69%, max = 18.75%
19/27 reduced min = 4.69%, max = 18.75%
19/28 reduced min = 4.69%, max = 18.75%
20/29 reduced min = 4.69%, max = 18.75%
21/30 reduced min = 4.69%, max = 18.75%
21/31 reduced min = 4.69%, max = 18.75%
22/32 reduced min = 4.69%, max = 18.75%
23/33 reduced min = 4.69%, max = 18.75%
23/34 reduced min = 4.69%, max = 18.75%
24/35 reduced min = 4.69%, max = 18.75%
25/36 reduced min = 4.69%, max = 18.75%
25/37 reduced min = 4.69%, max = 18.75%
26/38 reduced min = 4.69%, max = 18.75%
27/39 reduced min = 4.69%, max = 18.75%
27/40 reduced min = 4.69%, max = 18.75%
28/41 reduced min = 4.69%, max = 18.75%
29/42 reduced min = 4.69%, max = 18.75%
29/43 reduced min = 4.69%, max = 18.75%
30/44 reduced min = 4.69%, max = 18.75%
31/45 reduced min = 4.69%, max = 18.75%
31/46 reduced min = 4.69%, max = 18.75%
32/47 reduced min = 4.69%, max = 18.75%
33/48 reduced min = 4.69%, max = 18.75%
33/49 reduced min = 4.69%, max = 18.75%
34/50 reduced min = 4.69%, max = 18.75%
35/51 reduced min = 4.69%, max = 18.75%
35/52 reduced min = 4.69%, max = 18.75%
36/53 reduced min = 4.69%, max = 18.75%
37/54 reduced min = 2.90%, max = 18.75%
predictions:0.000000
29.59%: malamute
22.40%: Eskimo dog
13.37%: basset
 5.12%: Siberian husky
 2.82%: muzzle
