layer_s:(null)
layer:-1
load_network
cfg/resnet50.cfg
readdd cfg end

 major:0,sizeof(int):4
minor:2
revision:0
seen:140737187018912,sizeof(size_t):8
256 256
net.n:70
1/1 reduced min = 9.38%, max = 9.38%
1/2 reduced min = 9.38%, max = 9.38%
1/3 reduced min = 9.38%, max = 9.38%
2/4 reduced min = 0.39%, max = 9.38%
2/5 reduced min = 0.39%, max = 9.38%
2/6 reduced min = 0.39%, max = 9.38%
3/7 reduced min = 0.39%, max = 9.38%
3/8 reduced min = 0.39%, max = 9.38%
3/9 reduced min = 0.39%, max = 9.38%
4/10 reduced min = 0.39%, max = 9.38%
4/11 reduced min = 0.39%, max = 9.38%
4/12 reduced min = 0.39%, max = 9.38%
5/13 reduced min = 0.39%, max = 9.38%
5/14 reduced min = 0.39%, max = 9.38%
5/15 reduced min = 0.39%, max = 9.38%
6/16 reduced min = 0.39%, max = 9.38%
6/17 reduced min = 0.39%, max = 9.38%
6/18 reduced min = 0.39%, max = 9.38%
7/19 reduced min = 0.39%, max = 9.38%
7/20 reduced min = 0.39%, max = 9.38%
7/21 reduced min = 0.39%, max = 9.38%
8/22 reduced min = 0.39%, max = 9.38%
8/23 reduced min = 0.39%, max = 9.38%
8/24 reduced min = 0.39%, max = 9.38%
9/25 reduced min = 0.39%, max = 9.38%
9/26 reduced min = 0.39%, max = 9.38%
9/27 reduced min = 0.39%, max = 9.38%
10/28 reduced min = 0.39%, max = 9.38%
10/29 reduced min = 0.39%, max = 9.38%
10/30 reduced min = 0.39%, max = 9.38%
11/31 reduced min = 0.39%, max = 9.38%
11/32 reduced min = 0.39%, max = 9.38%
11/33 reduced min = 0.39%, max = 9.38%
12/34 reduced min = 0.39%, max = 9.38%
12/35 reduced min = 0.39%, max = 9.38%
12/36 reduced min = 0.39%, max = 9.38%
13/37 reduced min = 0.39%, max = 9.38%
13/38 reduced min = 0.39%, max = 9.38%
13/39 reduced min = 0.39%, max = 9.38%
14/40 reduced min = 0.10%, max = 9.38%
14/41 reduced min = 0.10%, max = 9.38%
14/42 reduced min = 0.10%, max = 9.38%
14/43 reduced min = 0.10%, max = 9.38%
14/44 reduced min = 0.10%, max = 9.38%
14/45 reduced min = 0.10%, max = 9.38%
14/46 reduced min = 0.10%, max = 9.38%
14/47 reduced min = 0.10%, max = 9.38%
14/48 reduced min = 0.10%, max = 9.38%
14/49 reduced min = 0.10%, max = 9.38%
14/50 reduced min = 0.10%, max = 9.38%
predictions:0.000000
94.89%: malamute
 2.70%: Eskimo dog
 1.95%: Siberian husky
 0.34%: dogsled
 0.02%: German shepherd
