layer_s:(null)
layer:-1
load_network
cfg/alexnet.cfg
readdd cfg end

 major:0,sizeof(int):4
minor:1
revision:0
seen:102400000
NOTE:	[load_connected_weights]	l.transpose = 1
NOTE:	[load_connected_weights]	l.transpose = 1
NOTE:	[load_connected_weights]	l.transpose = 1
227 227
net.n:15
1/1 reduced min = 9.38%, max = 9.38%
1/2 reduced min = 9.38%, max = 9.38%
2/3 reduced min = 0.26%, max = 9.38%
2/4 reduced min = 0.26%, max = 9.38%
3/5 reduced min = 0.26%, max = 9.38%
predictions:0.000002
19.12%: golfcart
18.15%: Siberian husky
 7.01%: malamute
 6.27%: tricycle
 4.18%: Eskimo dog
