layer_s:(null)
layer:-1
load_network
cfg/vgg16.cfg
readdd cfg end

 major:925353388,sizeof(int):4
minor:1063675494
revision:973279855
seen:7168000
NOTE:	[load_connected_weights]	TRANSPOSE 
NOTE:	[load_connected_weights]	TRANSPOSE 
NOTE:	[load_connected_weights]	TRANSPOSE 
256 256
net.n:26
Conv layer, total parm: 3211264, saved param: 0, zeros: 1414829
In summary, total load = 3211264, saved = 0, zeros = 1414830
Conv layer, total parm: 3211264, saved param: 0, zeros: 2319697
In summary, total load = 6422528, saved = 0, zeros = 2319698
Mpoo layer, total parm: 802816, saved param: 0, zeros: 174974
In summary, total load = 7225344, saved = 0, zeros = 2444496
Conv layer, total parm: 1605632, saved param: 12544, zeros: 628564
In summary, total load = 8830976, saved = 12544, zeros = 3071556
Conv layer, total parm: 1605632, saved param: 0, zeros: 1435847
In summary, total load = 10436608, saved = 12544, zeros = 3878839
Mpoo layer, total parm: 401408, saved param: 0, zeros: 127626
In summary, total load = 10838016, saved = 12544, zeros = 3993921
Conv layer, total parm: 802816, saved param: 0, zeros: 405303
In summary, total load = 11640832, saved = 12544, zeros = 4397847
Conv layer, total parm: 802816, saved param: 3136, zeros: 800154
In summary, total load = 12443648, saved = 15680, zeros = 4792698
Conv layer, total parm: 802816, saved param: 0, zeros: 1331645
In summary, total load = 13246464, saved = 15680, zeros = 5324189
Mpoo layer, total parm: 200704, saved param: 0, zeros: 97383
In summary, total load = 13447168, saved = 15680, zeros = 5418436
Conv layer, total parm: 401408, saved param: 0, zeros: 261849
In summary, total load = 13848576, saved = 15680, zeros = 5679718
Conv layer, total parm: 401408, saved param: 0, zeros: 544177
In summary, total load = 14249984, saved = 15680, zeros = 5962046
Conv layer, total parm: 401408, saved param: 0, zeros: 887474
In summary, total load = 14651392, saved = 15680, zeros = 6305343
Mpoo layer, total parm: 100352, saved param: 0, zeros: 73648
In summary, total load = 14751744, saved = 15680, zeros = 6378207
Conv layer, total parm: 100352, saved param: 196, zeros: 76472
In summary, total load = 14852096, saved = 15876, zeros = 6454539
Conv layer, total parm: 100352, saved param: 980, zeros: 156610
In summary, total load = 14952448, saved = 16856, zeros = 6534677
Conv layer, total parm: 100352, saved param: 9212, zeros: 249747
In summary, total load = 15052800, saved = 26068, zeros = 6627814
Mpoo layer, total parm: 25088, saved param: 2303, zeros: 21857
In summary, total load = 15077888, saved = 28371, zeros = 6649475
Conn layer, total parm: 4096, saved param: 0
In summary, total load = 15081984, saved = 28371
Conn layer, total parm: 4096, saved param: 0
In summary, total load = 15086080, saved = 28371
Conn layer, total parm: 1000, saved param: 0
In summary, total load = 15087080, saved = 28371
predictions:0.000005
56.49%: malamute
13.11%: Siberian husky
10.29%: Eskimo dog
 2.39%: dogsled
 2.06%: Border collie
