layer_s:(null)
layer:-1
load_network
cfg/resnet50.cfg
readdd cfg end

 major:0,sizeof(int):4
minor:2
revision:0
seen:140736679352480,sizeof(size_t):8
256 256
net.n:70
Conv layer, total parm: 1048576, saved param: 0, zeros: 4294967295
In summary, total load = 1048576, saved = 0, zeros = 0
Mpoo layer, total parm: 262144, saved param: 0, zeros: 16384
In summary, total load = 1310720, saved = 0, zeros = 0
Conv layer, total parm: 262144, saved param: 0, zeros: 0
In summary, total load = 1572864, saved = 0, zeros = 0
Conv layer, total parm: 262144, saved param: 0, zeros: 0
In summary, total load = 1835008, saved = 0, zeros = 0
Conv layer, total parm: 1048576, saved param: 0, zeros: 0
In summary, total load = 2883584, saved = 0, zeros = 0
Shrt layer, total parm: 1048576, saved param: 0
In summary, total load = 3932160, saved = 0
Conv layer, total parm: 262144, saved param: 0, zeros: 3623647792
In summary, total load = 4194304, saved = 0, zeros = 0
Conv layer, total parm: 262144, saved param: 0, zeros: 3623647792
In summary, total load = 4456448, saved = 0, zeros = 0
Conv layer, total parm: 1048576, saved param: 0, zeros: 3623647792
In summary, total load = 5505024, saved = 0, zeros = 0
Shrt layer, total parm: 1048576, saved param: 0
In summary, total load = 6553600, saved = 0
Conv layer, total parm: 262144, saved param: 0, zeros: 3623647792
In summary, total load = 6815744, saved = 0, zeros = 0
Conv layer, total parm: 262144, saved param: 0, zeros: 3623647792
In summary, total load = 7077888, saved = 0, zeros = 0
Conv layer, total parm: 1048576, saved param: 0, zeros: 3623647792
In summary, total load = 8126464, saved = 0, zeros = 0
Shrt layer, total parm: 1048576, saved param: 0
In summary, total load = 9175040, saved = 0
Conv layer, total parm: 524288, saved param: 0, zeros: 3623647792
In summary, total load = 9699328, saved = 0, zeros = 0
Conv layer, total parm: 131072, saved param: 0, zeros: 3623647792
In summary, total load = 9830400, saved = 0, zeros = 0
Conv layer, total parm: 524288, saved param: 0, zeros: 3623647792
In summary, total load = 10354688, saved = 0, zeros = 0
Shrt layer, total parm: 524288, saved param: 0
In summary, total load = 10878976, saved = 0
Conv layer, total parm: 131072, saved param: 0, zeros: 3623647792
In summary, total load = 11010048, saved = 0, zeros = 0
Conv layer, total parm: 131072, saved param: 0, zeros: 3623647792
In summary, total load = 11141120, saved = 0, zeros = 0
Conv layer, total parm: 524288, saved param: 0, zeros: 3623647792
In summary, total load = 11665408, saved = 0, zeros = 0
Shrt layer, total parm: 524288, saved param: 0
In summary, total load = 12189696, saved = 0
Conv layer, total parm: 131072, saved param: 0, zeros: 3623647792
In summary, total load = 12320768, saved = 0, zeros = 0
Conv layer, total parm: 131072, saved param: 0, zeros: 3623647792
In summary, total load = 12451840, saved = 0, zeros = 0
Conv layer, total parm: 524288, saved param: 0, zeros: 3623647792
In summary, total load = 12976128, saved = 0, zeros = 0
Shrt layer, total parm: 524288, saved param: 0
In summary, total load = 13500416, saved = 0
Conv layer, total parm: 131072, saved param: 0, zeros: 3623647792
In summary, total load = 13631488, saved = 0, zeros = 0
Conv layer, total parm: 131072, saved param: 0, zeros: 3623647792
In summary, total load = 13762560, saved = 0, zeros = 0
Conv layer, total parm: 524288, saved param: 0, zeros: 3623647792
In summary, total load = 14286848, saved = 0, zeros = 0
Shrt layer, total parm: 524288, saved param: 0
In summary, total load = 14811136, saved = 0
Conv layer, total parm: 262144, saved param: 0, zeros: 3623647792
In summary, total load = 15073280, saved = 0, zeros = 0
Conv layer, total parm: 65536, saved param: 0, zeros: 3623647792
In summary, total load = 15138816, saved = 0, zeros = 0
Conv layer, total parm: 262144, saved param: 0, zeros: 3623647792
In summary, total load = 15400960, saved = 0, zeros = 0
Shrt layer, total parm: 262144, saved param: 0
In summary, total load = 15663104, saved = 0
Conv layer, total parm: 65536, saved param: 0, zeros: 3623647792
In summary, total load = 15728640, saved = 0, zeros = 0
Conv layer, total parm: 65536, saved param: 0, zeros: 3623647792
In summary, total load = 15794176, saved = 0, zeros = 0
Conv layer, total parm: 262144, saved param: 0, zeros: 3623647792
In summary, total load = 16056320, saved = 0, zeros = 0
Shrt layer, total parm: 262144, saved param: 0
In summary, total load = 16318464, saved = 0
Conv layer, total parm: 65536, saved param: 0, zeros: 3623647792
In summary, total load = 16384000, saved = 0, zeros = 0
Conv layer, total parm: 65536, saved param: 0, zeros: 3623647792
In summary, total load = 16449536, saved = 0, zeros = 0
Conv layer, total parm: 262144, saved param: 0, zeros: 3623647792
In summary, total load = 16711680, saved = 0, zeros = 0
Shrt layer, total parm: 262144, saved param: 0
In summary, total load = 16973824, saved = 0
Conv layer, total parm: 65536, saved param: 0, zeros: 3623647792
In summary, total load = 17039360, saved = 0, zeros = 0
Conv layer, total parm: 65536, saved param: 0, zeros: 3623647792
In summary, total load = 17104896, saved = 0, zeros = 0
Conv layer, total parm: 262144, saved param: 0, zeros: 3623647792
In summary, total load = 17367040, saved = 0, zeros = 0
Shrt layer, total parm: 262144, saved param: 0
In summary, total load = 17629184, saved = 0
Conv layer, total parm: 65536, saved param: 0, zeros: 3623647792
In summary, total load = 17694720, saved = 0, zeros = 0
Conv layer, total parm: 65536, saved param: 0, zeros: 3623647792
In summary, total load = 17760256, saved = 0, zeros = 0
Conv layer, total parm: 262144, saved param: 0, zeros: 3623647792
In summary, total load = 18022400, saved = 0, zeros = 0
Shrt layer, total parm: 262144, saved param: 0
In summary, total load = 18284544, saved = 0
Conv layer, total parm: 65536, saved param: 0, zeros: 3623647792
In summary, total load = 18350080, saved = 0, zeros = 0
Conv layer, total parm: 65536, saved param: 0, zeros: 3623647792
In summary, total load = 18415616, saved = 0, zeros = 0
Conv layer, total parm: 262144, saved param: 0, zeros: 3623647792
In summary, total load = 18677760, saved = 0, zeros = 0
Shrt layer, total parm: 262144, saved param: 0
In summary, total load = 18939904, saved = 0
Conv layer, total parm: 131072, saved param: 0, zeros: 3623647792
In summary, total load = 19070976, saved = 0, zeros = 0
Conv layer, total parm: 32768, saved param: 0, zeros: 3623647792
In summary, total load = 19103744, saved = 0, zeros = 0
Conv layer, total parm: 131072, saved param: 0, zeros: 3623647792
In summary, total load = 19234816, saved = 0, zeros = 0
Shrt layer, total parm: 131072, saved param: 0
In summary, total load = 19365888, saved = 0
Conv layer, total parm: 32768, saved param: 0, zeros: 3623647792
In summary, total load = 19398656, saved = 0, zeros = 0
Conv layer, total parm: 32768, saved param: 0, zeros: 3623647792
In summary, total load = 19431424, saved = 0, zeros = 0
Conv layer, total parm: 131072, saved param: 0, zeros: 3623647792
In summary, total load = 19562496, saved = 0, zeros = 0
Shrt layer, total parm: 131072, saved param: 0
In summary, total load = 19693568, saved = 0
Conv layer, total parm: 32768, saved param: 0, zeros: 3623647792
In summary, total load = 19726336, saved = 0, zeros = 0
Conv layer, total parm: 32768, saved param: 0, zeros: 3623647792
In summary, total load = 19759104, saved = 0, zeros = 0
Conv layer, total parm: 131072, saved param: 0, zeros: 3623647792
In summary, total load = 19890176, saved = 0, zeros = 0
Shrt layer, total parm: 131072, saved param: 0
In summary, total load = 20021248, saved = 0
Conv layer, total parm: 64000, saved param: 0, zeros: 3623647792
In summary, total load = 20085248, saved = 0, zeros = 0
Apoo layer, total parm: 1000, saved param: 0
In summary, total load = 20086248, saved = 0
predictions:0.000000
95.19%: malamute
 2.52%: Eskimo dog
 1.86%: Siberian husky
 0.31%: dogsled
 0.02%: German shepherd
