layer_s:(null)
layer:-1
load_network
cfg/resnet50.cfg
readdd cfg end

 major:0,sizeof(int):4
minor:2
revision:0
seen:140736562542752,sizeof(size_t):8
256 256
net.n:70
0.43
0.46
0.50
0.17
0.52
0.42
0.23
0.59
0.68
0.22
0.75
0.71
0.20
0.71
0.76
0.21
0.81
0.79
0.25
0.79
0.75
0.24
0.86
0.73
0.16
0.75
0.83
0.22
0.82
0.82
0.14
0.83
0.83
0.20
0.84
0.82
0.17
0.85
0.83
0.14
0.92
0.89
0.14
0.91
0.92
0.06
0.85
0.89
0.01
0.11
predictions:0.000000
91.47%: malamute
 3.83%: Siberian husky
 3.77%: Eskimo dog
 0.60%: dogsled
 0.04%: German shepherd
