layer_s:(null)
layer:-1
load_network
cfg/mobilenet.cfg
readdd cfg end

 major:0,sizeof(int):4
minor:1
revision:0
seen:0
224 224
net.n:67
Conv layer, total parm: 401408, saved param: 62720, zeros: 235147
In summary, total load = 401408, saved = 62720, zeros = 235147
Conv Sparsity:0.59
Conv layer, total parm: 401408, saved param: 50176, zeros: 111444
In summary, total load = 802816, saved = 112896, zeros = 346591
Conv Sparsity:0.28
Conv layer, total parm: 401408, saved param: 37632, zeros: 94034
In summary, total load = 1204224, saved = 150528, zeros = 440625
Conv Sparsity:0.23
Conv layer, total parm: 200704, saved param: 0, zeros: 0
In summary, total load = 1404928, saved = 150528, zeros = 440625
Conv Sparsity:0.00
Conv layer, total parm: 1204224, saved param: 87808, zeros: 293508
In summary, total load = 2609152, saved = 238336, zeros = 734133
Conv Sparsity:0.24
Conv layer, total parm: 301056, saved param: 34496, zeros: 96483
In summary, total load = 2910208, saved = 272832, zeros = 830616
Conv Sparsity:0.32
Conv layer, total parm: 75264, saved param: 0, zeros: 0
In summary, total load = 2985472, saved = 272832, zeros = 830616
Conv Sparsity:0.00
Conv layer, total parm: 451584, saved param: 12544, zeros: 148786
In summary, total load = 3437056, saved = 285376, zeros = 979402
Conv Sparsity:0.33
Conv layer, total parm: 451584, saved param: 43904, zeros: 210031
In summary, total load = 3888640, saved = 329280, zeros = 1189433
Conv Sparsity:0.47
Conv layer, total parm: 75264, saved param: 0, zeros: 0
In summary, total load = 3963904, saved = 329280, zeros = 1189433
Conv Sparsity:0.00
Conv layer, total parm: 451584, saved param: 25088, zeros: 142921
In summary, total load = 4415488, saved = 354368, zeros = 1332354
Conv Sparsity:0.32
Conv layer, total parm: 112896, saved param: 7056, zeros: 31678
In summary, total load = 4528384, saved = 361424, zeros = 1364032
Conv Sparsity:0.28
Conv layer, total parm: 25088, saved param: 0, zeros: 0
In summary, total load = 4553472, saved = 361424, zeros = 1364032
Conv Sparsity:0.00
Conv layer, total parm: 150528, saved param: 12544, zeros: 50498
In summary, total load = 4704000, saved = 373968, zeros = 1414530
Conv Sparsity:0.34
Conv layer, total parm: 150528, saved param: 14112, zeros: 85494
In summary, total load = 4854528, saved = 388080, zeros = 1500024
Conv Sparsity:0.57
Conv layer, total parm: 25088, saved param: 0, zeros: 0
In summary, total load = 4879616, saved = 388080, zeros = 1500024
Conv Sparsity:0.00
Conv layer, total parm: 150528, saved param: 12544, zeros: 58776
In summary, total load = 5030144, saved = 400624, zeros = 1558800
Conv Sparsity:0.39
Conv layer, total parm: 150528, saved param: 12544, zeros: 83744
In summary, total load = 5180672, saved = 413168, zeros = 1642544
Conv Sparsity:0.56
Conv layer, total parm: 25088, saved param: 0, zeros: 0
In summary, total load = 5205760, saved = 413168, zeros = 1642544
Conv Sparsity:0.00
Conv layer, total parm: 150528, saved param: 3920, zeros: 31803
In summary, total load = 5356288, saved = 417088, zeros = 1674347
Conv Sparsity:0.21
Conv layer, total parm: 150528, saved param: 4704, zeros: 51870
In summary, total load = 5506816, saved = 421792, zeros = 1726217
Conv Sparsity:0.34
Conv layer, total parm: 50176, saved param: 0, zeros: 0
In summary, total load = 5556992, saved = 421792, zeros = 1726217
Conv Sparsity:0.00
Conv layer, total parm: 301056, saved param: 24304, zeros: 127639
In summary, total load = 5858048, saved = 446096, zeros = 1853856
Conv Sparsity:0.42
Conv layer, total parm: 301056, saved param: 25872, zeros: 182532
In summary, total load = 6159104, saved = 471968, zeros = 2036388
Conv Sparsity:0.61
Conv layer, total parm: 50176, saved param: 0, zeros: 0
In summary, total load = 6209280, saved = 471968, zeros = 2036388
Conv Sparsity:0.00
Conv layer, total parm: 301056, saved param: 25872, zeros: 152425
In summary, total load = 6510336, saved = 497840, zeros = 2188813
Conv Sparsity:0.51
Conv layer, total parm: 301056, saved param: 26656, zeros: 190084
In summary, total load = 6811392, saved = 524496, zeros = 2378897
Conv Sparsity:0.63
Conv layer, total parm: 50176, saved param: 0, zeros: 0
In summary, total load = 6861568, saved = 524496, zeros = 2378897
Conv Sparsity:0.00
Conv layer, total parm: 301056, saved param: 37632, zeros: 169282
In summary, total load = 7162624, saved = 562128, zeros = 2548179
Conv Sparsity:0.56
Conv layer, total parm: 301056, saved param: 35280, zeros: 183159
In summary, total load = 7463680, saved = 597408, zeros = 2731338
Conv Sparsity:0.61
Conv layer, total parm: 50176, saved param: 0, zeros: 0
In summary, total load = 7513856, saved = 597408, zeros = 2731338
Conv Sparsity:0.00
Conv layer, total parm: 301056, saved param: 16464, zeros: 187236
In summary, total load = 7814912, saved = 613872, zeros = 2918574
Conv Sparsity:0.62
Conv layer, total parm: 75264, saved param: 3332, zeros: 23189
In summary, total load = 7890176, saved = 617204, zeros = 2941763
Conv Sparsity:0.31
Conv layer, total parm: 18816, saved param: 0, zeros: 0
In summary, total load = 7908992, saved = 617204, zeros = 2941763
Conv Sparsity:0.00
Conv layer, total parm: 112896, saved param: 7840, zeros: 39946
In summary, total load = 8021888, saved = 625044, zeros = 2981709
Conv Sparsity:0.35
Conv layer, total parm: 112896, saved param: 9800, zeros: 67109
In summary, total load = 8134784, saved = 634844, zeros = 3048818
Conv Sparsity:0.59
Conv layer, total parm: 18816, saved param: 0, zeros: 0
In summary, total load = 8153600, saved = 634844, zeros = 3048818
Conv Sparsity:0.00
Conv layer, total parm: 112896, saved param: 10388, zeros: 60393
In summary, total load = 8266496, saved = 645232, zeros = 3109211
Conv Sparsity:0.53
Conv layer, total parm: 112896, saved param: 11760, zeros: 68638
In summary, total load = 8379392, saved = 656992, zeros = 3177849
Conv Sparsity:0.61
Conv layer, total parm: 18816, saved param: 0, zeros: 0
In summary, total load = 8398208, saved = 656992, zeros = 3177849
Conv Sparsity:0.00
Conv layer, total parm: 112896, saved param: 6272, zeros: 74230
In summary, total load = 8511104, saved = 663264, zeros = 3252079
Conv Sparsity:0.66
Conv layer, total parm: 28224, saved param: 1813, zeros: 11002
In summary, total load = 8539328, saved = 665077, zeros = 3263081
Conv Sparsity:0.39
Conv layer, total parm: 7840, saved param: 0, zeros: 0
In summary, total load = 8547168, saved = 665077, zeros = 3263081
Conv Sparsity:0.00
Conv layer, total parm: 47040, saved param: 3430, zeros: 19130
In summary, total load = 8594208, saved = 668507, zeros = 3282211
Conv Sparsity:0.41
Conv layer, total parm: 47040, saved param: 5096, zeros: 28178
In summary, total load = 8641248, saved = 673603, zeros = 3310389
Conv Sparsity:0.60
Conv layer, total parm: 7840, saved param: 0, zeros: 0
In summary, total load = 8649088, saved = 673603, zeros = 3310389
Conv Sparsity:0.00
Conv layer, total parm: 47040, saved param: 4263, zeros: 25552
In summary, total load = 8696128, saved = 677866, zeros = 3335941
Conv Sparsity:0.54
Conv layer, total parm: 47040, saved param: 6223, zeros: 28141
In summary, total load = 8743168, saved = 684089, zeros = 3364082
Conv Sparsity:0.60
Conv layer, total parm: 7840, saved param: 0, zeros: 0
In summary, total load = 8751008, saved = 684089, zeros = 3364082
Conv Sparsity:0.00
Conv layer, total parm: 47040, saved param: 3577, zeros: 35620
In summary, total load = 8798048, saved = 687666, zeros = 3399702
Conv Sparsity:0.76
Conv layer, total parm: 47040, saved param: 4214, zeros: 21133
In summary, total load = 8845088, saved = 691880, zeros = 3420835
Conv Sparsity:0.45
Conv layer, total parm: 15680, saved param: 0, zeros: 0
In summary, total load = 8860768, saved = 691880, zeros = 3420835
Conv Sparsity:0.00
Conv layer, total parm: 62720, saved param: 4704, zeros: 45835
In summary, total load = 8923488, saved = 696584, zeros = 3466670
Conv Sparsity:0.73
Conv layer, total parm: 1000, saved param: 0, zeros: 0
In summary, total load = 8924488, saved = 696584, zeros = 3466670
Conv Sparsity:0.00
predictions:0.000000
28.51%: malamute
21.94%: Eskimo dog
13.20%: basset
 5.03%: Siberian husky
 3.12%: muzzle
