layer_s:(null)
layer:-1
load_network
cfg/resnet50.cfg
readdd cfg end

 major:0,sizeof(int):4
minor:2
revision:0
seen:140736458959008,sizeof(size_t):8
256 256
net.n:70
0.40
0.35
0.35
0.11
0.43
0.33
0.16
0.49
0.57
0.17
0.64
0.59
0.15
0.62
0.63
0.15
0.71
0.67
0.19
0.70
0.60
0.18
0.70
0.60
0.11
0.65
0.67
0.15
0.71
0.66
0.10
0.73
0.74
0.15
0.66
0.65
0.13
0.68
0.68
0.10
0.84
0.81
0.09
0.82
0.78
0.04
0.62
0.63
0.01
0.07
predictions:0.000000
94.31%: malamute
 2.89%: Eskimo dog
 2.22%: Siberian husky
 0.44%: dogsled
 0.03%: German shepherd
