layer_s:(null)
layer:-1
load_network
cfg/vgg16.cfg
readdd cfg end

 major:925353388,sizeof(int):4
minor:1063675494
revision:973279855
seen:7168000
NOTE:	[load_connected_weights]	TRANSPOSE 
NOTE:	[load_connected_weights]	TRANSPOSE 
NOTE:	[load_connected_weights]	TRANSPOSE 
256 256
net.n:26
Conv layer, total parm: 3211264, saved param: 0, zeros: 1414830
In summary, total load = 3211264, saved = 0, zeros = 1414830
Conv Sparsity:0.44
Conv layer, total parm: 3211264, saved param: 0, zeros: 904868
In summary, total load = 6422528, saved = 0, zeros = 2319698
Conv Sparsity:0.28
Mpoo layer, total parm: 802816, saved param: 0, zeros: 124798
In summary, total load = 7225344, saved = 0, zeros = 2444496
Conv layer, total parm: 1605632, saved param: 12544, zeros: 627060
In summary, total load = 8830976, saved = 12544, zeros = 3071556
Conv Sparsity:0.39
Conv layer, total parm: 1605632, saved param: 0, zeros: 807283
In summary, total load = 10436608, saved = 12544, zeros = 3878839
Conv Sparsity:0.50
Mpoo layer, total parm: 401408, saved param: 0, zeros: 115082
In summary, total load = 10838016, saved = 12544, zeros = 3993921
Conv layer, total parm: 802816, saved param: 0, zeros: 403926
In summary, total load = 11640832, saved = 12544, zeros = 4397847
Conv Sparsity:0.50
Conv layer, total parm: 802816, saved param: 3136, zeros: 394851
In summary, total load = 12443648, saved = 15680, zeros = 4792698
Conv Sparsity:0.49
Conv layer, total parm: 802816, saved param: 0, zeros: 531491
In summary, total load = 13246464, saved = 15680, zeros = 5324189
Conv Sparsity:0.66
Mpoo layer, total parm: 200704, saved param: 0, zeros: 94247
In summary, total load = 13447168, saved = 15680, zeros = 5418436
Conv layer, total parm: 401408, saved param: 0, zeros: 261282
In summary, total load = 13848576, saved = 15680, zeros = 5679718
Conv Sparsity:0.65
Conv layer, total parm: 401408, saved param: 0, zeros: 282328
In summary, total load = 14249984, saved = 15680, zeros = 5962046
Conv Sparsity:0.70
Conv layer, total parm: 401408, saved param: 0, zeros: 343297
In summary, total load = 14651392, saved = 15680, zeros = 6305343
Conv Sparsity:0.86
Mpoo layer, total parm: 100352, saved param: 0, zeros: 72864
In summary, total load = 14751744, saved = 15680, zeros = 6378207
Conv layer, total parm: 100352, saved param: 196, zeros: 76332
In summary, total load = 14852096, saved = 15876, zeros = 6454539
Conv Sparsity:0.76
Conv layer, total parm: 100352, saved param: 980, zeros: 80138
In summary, total load = 14952448, saved = 16856, zeros = 6534677
Conv Sparsity:0.80
Conv layer, total parm: 100352, saved param: 9212, zeros: 93137
In summary, total load = 15052800, saved = 26068, zeros = 6627814
Conv Sparsity:0.93
Mpoo layer, total parm: 25088, saved param: 2303, zeros: 21661
In summary, total load = 15077888, saved = 28371, zeros = 6649475
predictions:0.000005
56.49%: malamute
13.11%: Siberian husky
10.29%: Eskimo dog
 2.39%: dogsled
 2.06%: Border collie
