layer_s:(null)
layer:-1
load_network
cfg/alexnet.cfg
readdd cfg end

 major:0,sizeof(int):4
minor:1
revision:0
seen:102400000
NOTE:	[load_connected_weights]	l.transpose = 1
NOTE:	[load_connected_weights]	l.transpose = 1
NOTE:	[load_connected_weights]	l.transpose = 1
227 227
net.n:15
Conv layer, total parm: 290400, saved param: 24200, zeros: 182883
In summary, total load = 290400, saved = 24200, zeros = 182883
Conv Sparsity:0.63
Mpoo layer, total parm: 69984, saved param: 5832, zeros: 25947
In summary, total load = 360384, saved = 30032, zeros = 208830
Conv layer, total parm: 186624, saved param: 0, zeros: 113497
In summary, total load = 547008, saved = 30032, zeros = 322327
Conv Sparsity:0.61
Mpoo layer, total parm: 43264, saved param: 0, zeros: 12503
In summary, total load = 590272, saved = 30032, zeros = 334830
Conv layer, total parm: 64896, saved param: 169, zeros: 34759
In summary, total load = 655168, saved = 30201, zeros = 369589
Conv Sparsity:0.54
Conv layer, total parm: 64896, saved param: 0, zeros: 35325
In summary, total load = 720064, saved = 30201, zeros = 404914
Conv Sparsity:0.54
Conv layer, total parm: 43264, saved param: 169, zeros: 34048
In summary, total load = 763328, saved = 30370, zeros = 438962
Conv Sparsity:0.79
Mpoo layer, total parm: 9216, saved param: 36, zeros: 4404
In summary, total load = 772544, saved = 30406, zeros = 443366
predictions:0.000002
19.03%: golfcart
18.09%: Siberian husky
 7.00%: malamute
 6.29%: tricycle
 4.17%: Eskimo dog
