layer_s:(null)
layer:-1
load_network
cfg/resnet50.cfg
readdd cfg end

 major:0,sizeof(int):4
minor:2
revision:0
seen:140736623556768,sizeof(size_t):8
256 256
net.n:70
0.44
0.54
0.57
0.24
0.58
0.49
0.28
0.64
0.74
0.26
0.80
0.76
0.26
0.75
0.81
0.27
0.84
0.84
0.31
0.82
0.82
0.30
0.90
0.78
0.21
0.80
0.88
0.28
0.86
0.87
0.18
0.87
0.87
0.25
0.90
0.88
0.20
0.91
0.88
0.19
0.95
0.93
0.19
0.95
0.97
0.08
0.95
0.96
0.02
0.16
predictions:0.000007
60.34%: malamute
11.85%: Siberian husky
 9.76%: Eskimo dog
 3.41%: dogsled
 0.30%: Norwegian elkhound
