layer_s:(null)
layer:-1
load_network
cfg/mobilenet.cfg
readdd cfg end

 major:0,sizeof(int):4
minor:1
revision:0
seen:0
224 224
net.n:67
0.62
0.35
0.40
0.31
0.40
0.56
0.23
0.66
0.66
0.31
0.60
0.51
0.15
0.66
0.77
0.35
0.68
0.76
0.43
0.44
0.51
0.25
0.70
0.79
0.39
0.78
0.80
0.39
0.80
0.77
0.35
0.79
0.57
0.25
0.64
0.77
0.36
0.79
0.75
0.35
0.83
0.59
0.29
0.75
0.81
0.40
0.82
0.78
0.37
0.89
0.60
0.43
0.77
0.06
predictions:0.000000
39.40%: malamute
22.07%: Eskimo dog
 8.89%: basset
 2.94%: Saluki
 2.72%: miniature schnauzer
