layer_s:(null)
layer:-1
load_network
cfg/mobilenet.cfg
readdd cfg end

 major:0,sizeof(int):4
minor:1
revision:0
seen:0
224 224
net.n:67
0.65
0.37
0.44
0.40
0.44
0.61
0.30
0.75
0.71
0.40
0.70
0.56
0.20
0.75
0.83
0.47
0.77
0.81
0.56
0.55
0.56
0.33
0.79
0.84
0.50
0.86
0.84
0.51
0.87
0.81
0.46
0.84
0.61
0.34
0.74
0.82
0.46
0.85
0.80
0.46
0.87
0.63
0.38
0.84
0.86
0.51
0.89
0.83
0.45
0.92
0.63
0.53
0.78
0.10
predictions:0.000000
21.46%: malamute
13.06%: plow
12.27%: basset
 9.52%: Eskimo dog
 7.94%: Saluki
