layer_s:(null)
layer:-1
load_network
cfg/resnet50.cfg
readdd cfg end

 major:0,sizeof(int):4
minor:2
revision:0
seen:140736413112480,sizeof(size_t):8
256 256
net.n:70
Conv layer, total parm: 1048576, saved param: 0, zeros: 0
In summary, total load = 1048576, saved = 0, zeros = 0
Conv Sparsity:0.00
Mpoo layer, total parm: 262144, saved param: 0, zeros: 0
In summary, total load = 1310720, saved = 0, zeros = 0
Conv layer, total parm: 262144, saved param: 0, zeros: 0
In summary, total load = 1572864, saved = 0, zeros = 0
Conv Sparsity:0.00
Conv layer, total parm: 262144, saved param: 0, zeros: 0
In summary, total load = 1835008, saved = 0, zeros = 0
Conv Sparsity:0.00
Conv layer, total parm: 1048576, saved param: 0, zeros: 0
In summary, total load = 2883584, saved = 0, zeros = 0
Conv Sparsity:0.00
Conv layer, total parm: 262144, saved param: 0, zeros: 0
In summary, total load = 3145728, saved = 0, zeros = 0
Conv Sparsity:0.00
Conv layer, total parm: 262144, saved param: 0, zeros: 0
In summary, total load = 3407872, saved = 0, zeros = 0
Conv Sparsity:0.00
Conv layer, total parm: 1048576, saved param: 0, zeros: 0
In summary, total load = 4456448, saved = 0, zeros = 0
Conv Sparsity:0.00
Conv layer, total parm: 262144, saved param: 0, zeros: 0
In summary, total load = 4718592, saved = 0, zeros = 0
Conv Sparsity:0.00
Conv layer, total parm: 262144, saved param: 0, zeros: 0
In summary, total load = 4980736, saved = 0, zeros = 0
Conv Sparsity:0.00
Conv layer, total parm: 1048576, saved param: 0, zeros: 0
In summary, total load = 6029312, saved = 0, zeros = 0
Conv Sparsity:0.00
Conv layer, total parm: 524288, saved param: 0, zeros: 0
In summary, total load = 6553600, saved = 0, zeros = 0
Conv Sparsity:0.00
Conv layer, total parm: 131072, saved param: 0, zeros: 0
In summary, total load = 6684672, saved = 0, zeros = 0
Conv Sparsity:0.00
Conv layer, total parm: 524288, saved param: 0, zeros: 0
In summary, total load = 7208960, saved = 0, zeros = 0
Conv Sparsity:0.00
Conv layer, total parm: 131072, saved param: 0, zeros: 0
In summary, total load = 7340032, saved = 0, zeros = 0
Conv Sparsity:0.00
Conv layer, total parm: 131072, saved param: 0, zeros: 0
In summary, total load = 7471104, saved = 0, zeros = 0
Conv Sparsity:0.00
Conv layer, total parm: 524288, saved param: 0, zeros: 0
In summary, total load = 7995392, saved = 0, zeros = 0
Conv Sparsity:0.00
Conv layer, total parm: 131072, saved param: 0, zeros: 0
In summary, total load = 8126464, saved = 0, zeros = 0
Conv Sparsity:0.00
Conv layer, total parm: 131072, saved param: 0, zeros: 0
In summary, total load = 8257536, saved = 0, zeros = 0
Conv Sparsity:0.00
Conv layer, total parm: 524288, saved param: 0, zeros: 0
In summary, total load = 8781824, saved = 0, zeros = 0
Conv Sparsity:0.00
Conv layer, total parm: 131072, saved param: 0, zeros: 0
In summary, total load = 8912896, saved = 0, zeros = 0
Conv Sparsity:0.00
Conv layer, total parm: 131072, saved param: 0, zeros: 0
In summary, total load = 9043968, saved = 0, zeros = 0
Conv Sparsity:0.00
Conv layer, total parm: 524288, saved param: 0, zeros: 0
In summary, total load = 9568256, saved = 0, zeros = 0
Conv Sparsity:0.00
Conv layer, total parm: 262144, saved param: 0, zeros: 0
In summary, total load = 9830400, saved = 0, zeros = 0
Conv Sparsity:0.00
Conv layer, total parm: 65536, saved param: 0, zeros: 0
In summary, total load = 9895936, saved = 0, zeros = 0
Conv Sparsity:0.00
Conv layer, total parm: 262144, saved param: 0, zeros: 0
In summary, total load = 10158080, saved = 0, zeros = 0
Conv Sparsity:0.00
Conv layer, total parm: 65536, saved param: 0, zeros: 0
In summary, total load = 10223616, saved = 0, zeros = 0
Conv Sparsity:0.00
Conv layer, total parm: 65536, saved param: 0, zeros: 0
In summary, total load = 10289152, saved = 0, zeros = 0
Conv Sparsity:0.00
Conv layer, total parm: 262144, saved param: 0, zeros: 0
In summary, total load = 10551296, saved = 0, zeros = 0
Conv Sparsity:0.00
Conv layer, total parm: 65536, saved param: 0, zeros: 0
In summary, total load = 10616832, saved = 0, zeros = 0
Conv Sparsity:0.00
Conv layer, total parm: 65536, saved param: 0, zeros: 0
In summary, total load = 10682368, saved = 0, zeros = 0
Conv Sparsity:0.00
Conv layer, total parm: 262144, saved param: 0, zeros: 0
In summary, total load = 10944512, saved = 0, zeros = 0
Conv Sparsity:0.00
Conv layer, total parm: 65536, saved param: 0, zeros: 0
In summary, total load = 11010048, saved = 0, zeros = 0
Conv Sparsity:0.00
Conv layer, total parm: 65536, saved param: 0, zeros: 0
In summary, total load = 11075584, saved = 0, zeros = 0
Conv Sparsity:0.00
Conv layer, total parm: 262144, saved param: 0, zeros: 0
In summary, total load = 11337728, saved = 0, zeros = 0
Conv Sparsity:0.00
Conv layer, total parm: 65536, saved param: 0, zeros: 0
In summary, total load = 11403264, saved = 0, zeros = 0
Conv Sparsity:0.00
Conv layer, total parm: 65536, saved param: 0, zeros: 0
In summary, total load = 11468800, saved = 0, zeros = 0
Conv Sparsity:0.00
Conv layer, total parm: 262144, saved param: 0, zeros: 0
In summary, total load = 11730944, saved = 0, zeros = 0
Conv Sparsity:0.00
Conv layer, total parm: 65536, saved param: 0, zeros: 0
In summary, total load = 11796480, saved = 0, zeros = 0
Conv Sparsity:0.00
Conv layer, total parm: 65536, saved param: 0, zeros: 0
In summary, total load = 11862016, saved = 0, zeros = 0
Conv Sparsity:0.00
Conv layer, total parm: 262144, saved param: 0, zeros: 0
In summary, total load = 12124160, saved = 0, zeros = 0
Conv Sparsity:0.00
Conv layer, total parm: 131072, saved param: 0, zeros: 0
In summary, total load = 12255232, saved = 0, zeros = 0
Conv Sparsity:0.00
Conv layer, total parm: 32768, saved param: 0, zeros: 0
In summary, total load = 12288000, saved = 0, zeros = 0
Conv Sparsity:0.00
Conv layer, total parm: 131072, saved param: 0, zeros: 0
In summary, total load = 12419072, saved = 0, zeros = 0
Conv Sparsity:0.00
Conv layer, total parm: 32768, saved param: 0, zeros: 0
In summary, total load = 12451840, saved = 0, zeros = 0
Conv Sparsity:0.00
Conv layer, total parm: 32768, saved param: 0, zeros: 0
In summary, total load = 12484608, saved = 0, zeros = 0
Conv Sparsity:0.00
Conv layer, total parm: 131072, saved param: 0, zeros: 0
In summary, total load = 12615680, saved = 0, zeros = 0
Conv Sparsity:0.00
Conv layer, total parm: 32768, saved param: 0, zeros: 0
In summary, total load = 12648448, saved = 0, zeros = 0
Conv Sparsity:0.00
Conv layer, total parm: 32768, saved param: 0, zeros: 0
In summary, total load = 12681216, saved = 0, zeros = 0
Conv Sparsity:0.00
Conv layer, total parm: 131072, saved param: 0, zeros: 0
In summary, total load = 12812288, saved = 0, zeros = 0
Conv Sparsity:0.00
Conv layer, total parm: 64000, saved param: 0, zeros: 0
In summary, total load = 12876288, saved = 0, zeros = 0
Conv Sparsity:0.00
predictions:0.000000
95.19%: malamute
 2.52%: Eskimo dog
 1.86%: Siberian husky
 0.31%: dogsled
 0.02%: German shepherd
