layer_s:(null)
layer:-1
load_network
cfg/resnet50.cfg
readdd cfg end

 major:0,sizeof(int):4
minor:2
revision:0
seen:140736319752352,sizeof(size_t):8
256 256
net.n:70
0.45
0.62
0.61
0.31
0.62
0.53
0.32
0.69
0.77
0.30
0.83
0.79
0.31
0.78
0.84
0.33
0.87
0.86
0.37
0.85
0.86
0.35
0.92
0.81
0.27
0.83
0.90
0.33
0.89
0.90
0.22
0.89
0.89
0.29
0.92
0.90
0.24
0.93
0.91
0.23
0.96
0.95
0.25
0.96
0.98
0.12
0.96
0.97
0.03
0.20
predictions:0.000030
24.65%: malamute
12.46%: Eskimo dog
11.24%: Siberian husky
 3.90%: dogsled
 1.42%: rhinoceros beetle
