layer_s:(null)
layer:-1
load_network
cfg/tiny.cfg
readdd cfg end

 major:0,sizeof(int):4
minor:1
revision:0
seen:204800000
224 224
net.n:23
Conv layer, total parm: 802816, saved param: 0, zeros: 0
In summary, total load = 802816, saved = 0, zeros = 0
Conv Sparsity:0.00
Mpoo layer, total parm: 200704, saved param: 0, zeros: 0
In summary, total load = 1003520, saved = 0, zeros = 0
Conv layer, total parm: 401408, saved param: 0, zeros: 0
In summary, total load = 1404928, saved = 0, zeros = 0
Conv Sparsity:0.00
Mpoo layer, total parm: 100352, saved param: 0, zeros: 0
In summary, total load = 1505280, saved = 0, zeros = 0
Conv layer, total parm: 50176, saved param: 0, zeros: 0
In summary, total load = 1555456, saved = 0, zeros = 0
Conv Sparsity:0.00
Conv layer, total parm: 401408, saved param: 0, zeros: 0
In summary, total load = 1956864, saved = 0, zeros = 0
Conv Sparsity:0.00
Conv layer, total parm: 50176, saved param: 0, zeros: 0
In summary, total load = 2007040, saved = 0, zeros = 0
Conv Sparsity:0.00
Conv layer, total parm: 401408, saved param: 0, zeros: 0
In summary, total load = 2408448, saved = 0, zeros = 0
Conv Sparsity:0.00
Mpoo layer, total parm: 100352, saved param: 0, zeros: 0
In summary, total load = 2508800, saved = 0, zeros = 0
Conv layer, total parm: 25088, saved param: 0, zeros: 0
In summary, total load = 2533888, saved = 0, zeros = 0
Conv Sparsity:0.00
Conv layer, total parm: 200704, saved param: 0, zeros: 0
In summary, total load = 2734592, saved = 0, zeros = 0
Conv Sparsity:0.00
Conv layer, total parm: 25088, saved param: 0, zeros: 0
In summary, total load = 2759680, saved = 0, zeros = 0
Conv Sparsity:0.00
Conv layer, total parm: 200704, saved param: 0, zeros: 0
In summary, total load = 2960384, saved = 0, zeros = 0
Conv Sparsity:0.00
Mpoo layer, total parm: 50176, saved param: 0, zeros: 0
In summary, total load = 3010560, saved = 0, zeros = 0
Conv layer, total parm: 12544, saved param: 0, zeros: 0
In summary, total load = 3023104, saved = 0, zeros = 0
Conv Sparsity:0.00
Conv layer, total parm: 100352, saved param: 0, zeros: 0
In summary, total load = 3123456, saved = 0, zeros = 0
Conv Sparsity:0.00
Conv layer, total parm: 12544, saved param: 0, zeros: 0
In summary, total load = 3136000, saved = 0, zeros = 0
Conv Sparsity:0.00
Conv layer, total parm: 100352, saved param: 0, zeros: 0
In summary, total load = 3236352, saved = 0, zeros = 0
Conv Sparsity:0.00
Conv layer, total parm: 25088, saved param: 0, zeros: 0
In summary, total load = 3261440, saved = 0, zeros = 0
Conv Sparsity:0.00
Conv layer, total parm: 196000, saved param: 0, zeros: 0
In summary, total load = 3457440, saved = 0, zeros = 0
Conv Sparsity:0.00
predictions:0.000000
14.51%: malamute
 6.09%: Newfoundland
 5.59%: dogsled
 4.55%: standard schnauzer
 4.05%: Eskimo dog
