layer_s:(null)
layer:-1
load_network
cfg/mobilenet.cfg
readdd cfg end

 major:0,sizeof(int):4
minor:1
revision:0
seen:0
224 224
net.n:67
0.68
0.39
0.49
0.47
0.50
0.65
0.36
0.83
0.75
0.47
0.78
0.60
0.27
0.84
0.87
0.57
0.85
0.86
0.68
0.66
0.61
0.41
0.87
0.88
0.59
0.92
0.88
0.59
0.92
0.85
0.54
0.89
0.65
0.41
0.82
0.87
0.54
0.90
0.84
0.53
0.91
0.66
0.46
0.90
0.91
0.59
0.94
0.89
0.53
0.95
0.67
0.64
0.79
0.10
predictions:0.000000
18.52%: malinois
13.02%: miniature pinscher
 9.45%: Chihuahua
 7.14%: malamute
 6.53%: basset
