layer_s:(null)
layer:-1
load_network
cfg/mobilenet.cfg
readdd cfg end

 major:0,sizeof(int):4
minor:1
revision:0
seen:0
224 224
net.n:67
0.61
0.32
0.37
0.21
0.36
0.50
0.15
0.55
0.61
0.21
0.50
0.46
0.10
0.54
0.72
0.24
0.58
0.70
0.29
0.35
0.47
0.17
0.61
0.74
0.27
0.70
0.75
0.27
0.72
0.72
0.23
0.74
0.52
0.17
0.54
0.72
0.24
0.71
0.71
0.24
0.78
0.54
0.20
0.65
0.75
0.27
0.74
0.72
0.25
0.86
0.57
0.30
0.76
0.04
predictions:0.000000
40.78%: malamute
17.35%: Eskimo dog
 8.57%: basset
 4.19%: Siberian husky
 3.51%: Saluki
